<?xml version="1.0" encoding="UTF-8"?>
<testng-results skipped="0" failed="0" ignored="0" total="1" passed="1">
  <reporter-output>
  </reporter-output>
  <suite name="Suite" duration-ms="49351" started-at="2023-04-17T21:36:15 IST" finished-at="2023-04-17T21:37:04 IST">
    <groups>
    </groups>
    <test name="Test" duration-ms="49351" started-at="2023-04-17T21:36:15 IST" finished-at="2023-04-17T21:37:04 IST">
      <class name="TestLayer.LoginPageTest">
        <test-method status="PASS" signature="setUp()[pri:0, instance:TestLayer.LoginPageTest@3578436e]" name="setUp" is-config="true" duration-ms="9717" started-at="2023-04-17T21:36:15 IST" finished-at="2023-04-17T21:36:24 IST">
          <reporter-output>
          </reporter-output>
        </test-method> <!-- setUp -->
        <test-method status="PASS" signature="setUp()[pri:0, instance:TestLayer.LoginPageTest@3578436e]" name="setUp" is-config="true" duration-ms="8885" started-at="2023-04-17T21:36:24 IST" finished-at="2023-04-17T21:36:33 IST">
          <reporter-output>
          </reporter-output>
        </test-method> <!-- setUp -->
        <test-method status="PASS" signature="validateLoginFunctionality()[pri:0, instance:TestLayer.LoginPageTest@3578436e]" name="validateLoginFunctionality" duration-ms="29713" started-at="2023-04-17T21:36:33 IST" finished-at="2023-04-17T21:37:03 IST">
          <reporter-output>
          </reporter-output>
        </test-method> <!-- validateLoginFunctionality -->
        <test-method status="PASS" signature="tearDown()[pri:0, instance:TestLayer.LoginPageTest@3578436e]" name="tearDown" is-config="true" duration-ms="937" started-at="2023-04-17T21:37:03 IST" finished-at="2023-04-17T21:37:04 IST">
          <reporter-output>
          </reporter-output>
        </test-method> <!-- tearDown -->
        <test-method status="PASS" signature="tearDown()[pri:0, instance:TestLayer.LoginPageTest@3578436e]" name="tearDown" is-config="true" duration-ms="1" started-at="2023-04-17T21:37:04 IST" finished-at="2023-04-17T21:37:04 IST">
          <reporter-output>
          </reporter-output>
        </test-method> <!-- tearDown -->
      </class> <!-- TestLayer.LoginPageTest -->
    </test> <!-- Test -->
  </suite> <!-- Suite -->
</testng-results>
